# JRE version: Java(TM) SE Runtime Environment (13.0.2+8) (build 13.0.2+8)
# Java VM: Java HotSpot(TM) 64-Bit Server VM (13.0.2+8, mixed mode, sharing, tiered, compressed oops, g1 gc, bsd-amd64)
Heap:
 garbage-first heap   total 264192K, used 103130K [0x0000000700000000, 0x0000000800000000)
  region size 1024K, 11 young (11264K), 10 survivors (10240K)
 Metaspace       used 18245K, capacity 18652K, committed 18944K, reserved 1067008K
  class space    used 2056K, capacity 2237K, committed 2304K, reserved 1048576K
GC Heap History (18 events):
Event: 3.773 GC heap before
{Heap before GC invocations=0 (full 0):
 garbage-first heap   total 264192K, used 25336K [0x0000000700000000, 0x0000000800000000)
  region size 1024K, 24 young (24576K), 0 survivors (0K)
 Metaspace       used 14123K, capacity 14417K, committed 14592K, reserved 1062912K
  class space    used 1840K, capacity 1992K, committed 2048K, reserved 1048576K
}
Event: 3.802 GC heap after
{Heap after GC invocations=1 (full 0):
 garbage-first heap   total 264192K, used 6310K [0x0000000700000000, 0x0000000800000000)
  region size 1024K, 3 young (3072K), 3 survivors (3072K)
 Metaspace       used 14123K, capacity 14417K, committed 14592K, reserved 1062912K
  class space    used 1840K, capacity 1992K, committed 2048K, reserved 1048576K
}
Event: 11.947 GC heap before
{Heap before GC invocations=1 (full 0):
 garbage-first heap   total 264192K, used 16550K [0x0000000700000000, 0x0000000800000000)
  region size 1024K, 14 young (14336K), 3 survivors (3072K)
 Metaspace       used 15579K, capacity 15960K, committed 16256K, reserved 1062912K
  class space    used 1972K, capacity 2146K, committed 2176K, reserved 1048576K
}
Event: 11.968 GC heap after
{Heap after GC invocations=2 (full 0):
 garbage-first heap   total 264192K, used 10879K [0x0000000700000000, 0x0000000800000000)
  region size 1024K, 2 young (2048K), 2 survivors (2048K)
 Metaspace       used 15579K, capacity 15960K, committed 16256K, reserved 1062912K
  class space    used 1972K, capacity 2146K, committed 2176K, reserved 1048576K
}
Event: 1101.466 GC heap before
{Heap before GC invocations=2 (full 0):
 garbage-first heap   total 264192K, used 40575K [0x0000000700000000, 0x0000000800000000)
  region size 1024K, 32 young (32768K), 2 survivors (2048K)
 Metaspace       used 16594K, capacity 17014K, committed 17408K, reserved 1064960K
  class space    used 2025K, capacity 2216K, committed 2304K, reserved 1048576K
}
Event: 1101.477 GC heap after
{Heap after GC invocations=3 (full 0):
 garbage-first heap   total 264192K, used 17278K [0x0000000700000000, 0x0000000800000000)
  region size 1024K, 4 young (4096K), 4 survivors (4096K)
 Metaspace       used 16594K, capacity 17014K, committed 17408K, reserved 1064960K
  class space    used 2025K, capacity 2216K, committed 2304K, reserved 1048576K
}
Event: 6949.461 GC heap before
{Heap before GC invocations=3 (full 0):
 garbage-first heap   total 264192K, used 114558K [0x0000000700000000, 0x0000000800000000)
  region size 1024K, 100 young (102400K), 4 survivors (4096K)
 Metaspace       used 17067K, capacity 17469K, committed 17664K, reserved 1064960K
  class space    used 2033K, capacity 2217K, committed 2304K, reserved 1048576K
}
Event: 6949.558 GC heap after
{Heap after GC invocations=4 (full 0):
 garbage-first heap   total 264192K, used 22700K [0x0000000700000000, 0x0000000800000000)
  region size 1024K, 10 young (10240K), 10 survivors (10240K)
 Metaspace       used 17067K, capacity 17469K, committed 17664K, reserved 1064960K
  class space    used 2033K, capacity 2217K, committed 2304K, reserved 1048576K
}
Event: 7570.561 GC heap before
{Heap before GC invocations=4 (full 0):
 garbage-first heap   total 264192K, used 157868K [0x0000000700000000, 0x0000000800000000)
  region size 1024K, 143 young (146432K), 10 survivors (10240K)
 Metaspace       used 17734K, capacity 18144K, committed 18432K, reserved 1064960K
  class space    used 2072K, capacity 2249K, committed 2304K, reserved 1048576K
}
Event: 7570.577 GC heap after
{Heap after GC invocations=5 (full 0):
 garbage-first heap   total 264192K, used 22742K [0x0000000700000000, 0x0000000800000000)
  region size 1024K, 9 young (9216K), 9 survivors (9216K)
 Metaspace       used 17734K, capacity 18144K, committed 18432K, reserved 1064960K
  class space    used 2072K, capacity 2249K, committed 2304K, reserved 1048576K
}
Event: 14461.303 GC heap before
{Heap before GC invocations=5 (full 0):
 garbage-first heap   total 264192K, used 169174K [0x0000000700000000, 0x0000000800000000)
  region size 1024K, 153 young (156672K), 9 survivors (9216K)
 Metaspace       used 17996K, capacity 18406K, committed 18688K, reserved 1064960K
  class space    used 2072K, capacity 2249K, committed 2304K, reserved 1048576K
}
Event: 14461.356 GC heap after
{Heap after GC invocations=6 (full 0):
 garbage-first heap   total 264192K, used 23665K [0x0000000700000000, 0x0000000800000000)
  region size 1024K, 10 young (10240K), 10 survivors (10240K)
 Metaspace       used 17996K, capacity 18406K, committed 18688K, reserved 1064960K
  class space    used 2072K, capacity 2249K, committed 2304K, reserved 1048576K
}
Event: 21975.372 GC heap before
{Heap before GC invocations=6 (full 0):
 garbage-first heap   total 264192K, used 205937K [0x0000000700000000, 0x0000000800000000)
  region size 1024K, 153 young (156672K), 10 survivors (10240K)
 Metaspace       used 18156K, capacity 18534K, committed 18688K, reserved 1064960K
  class space    used 2076K, capacity 2249K, committed 2304K, reserved 1048576K
}
Event: 21975.401 GC heap after
{Heap after GC invocations=7 (full 0):
 garbage-first heap   total 264192K, used 60324K [0x0000000700000000, 0x0000000800000000)
  region size 1024K, 10 young (10240K), 10 survivors (10240K)
 Metaspace       used 18156K, capacity 18534K, committed 18688K, reserved 1064960K
  class space    used 2076K, capacity 2249K, committed 2304K, reserved 1048576K
}
Event: 24468.058 GC heap before
{Heap before GC invocations=7 (full 0):
 garbage-first heap   total 264192K, used 128932K [0x0000000700000000, 0x0000000800000000)
  region size 1024K, 16 young (16384K), 10 survivors (10240K)
 Metaspace       used 18188K, capacity 18567K, committed 18688K, reserved 1064960K
  class space    used 2079K, capacity 2281K, committed 2304K, reserved 1048576K
}
Event: 24468.150 GC heap after
{Heap after GC invocations=8 (full 0):
 garbage-first heap   total 264192K, used 82461K [0x0000000700000000, 0x0000000800000000)
  region size 1024K, 4 young (4096K), 4 survivors (4096K)
 Metaspace       used 18188K, capacity 18567K, committed 18688K, reserved 1064960K
  class space    used 2079K, capacity 2281K, committed 2304K, reserved 1048576K
}
Event: 95072.132 GC heap before
{Heap before GC invocations=9 (full 0):
 garbage-first heap   total 264192K, used 244253K [0x0000000700000000, 0x0000000800000000)
  region size 1024K, 127 young (130048K), 4 survivors (4096K)
 Metaspace       used 18240K, capacity 18652K, committed 18944K, reserved 1067008K
  class space    used 2056K, capacity 2237K, committed 2304K, reserved 1048576K
}
Event: 95074.049 GC heap after
{Heap after GC invocations=10 (full 0):
 garbage-first heap   total 264192K, used 112346K [0x0000000700000000, 0x0000000800000000)
  region size 1024K, 10 young (10240K), 10 survivors (10240K)
 Metaspace       used 18240K, capacity 18652K, committed 18944K, reserved 1067008K
  class space    used 2056K, capacity 2237K, committed 2304K, reserved 1048576K
}

